<?xml version="1.0" encoding="UTF-8"?>
<testng-results total="1" passed="1" failed="0" skipped="0">
  <reporter-output>
  </reporter-output>
  <suite started-at="2021-02-11T17:24:55Z" name="Suite" finished-at="2021-02-11T17:29:11Z" duration-ms="256375">
    <groups>
      <group name="cucumber">
        <method signature="TestRunner.feature(cucumber.api.testng.CucumberFeatureWrapper)[pri:0, instance:com.qa.addProductsRP.runner.TestRunner@12d4bf7e]" name="feature" class="com.qa.addProductsRP.runner.TestRunner"/>
      </group> <!-- cucumber -->
    </groups>
    <test started-at="2021-02-11T17:24:55Z" name="Test" finished-at="2021-02-11T17:29:11Z" duration-ms="256375">
      <class name="com.qa.addProductsRP.runner.TestRunner">
        <test-method is-config="true" signature="setUpClass()[pri:0, instance:com.qa.addProductsRP.runner.TestRunner@12d4bf7e]" started-at="2021-02-11T22:54:55Z" name="setUpClass" finished-at="2021-02-11T22:54:55Z" duration-ms="278" status="PASS">
          <reporter-output>
          </reporter-output>
        </test-method> <!-- setUpClass -->
        <test-method signature="feature(cucumber.api.testng.CucumberFeatureWrapper)[pri:0, instance:com.qa.addProductsRP.runner.TestRunner@12d4bf7e]" started-at="2021-02-11T22:54:56Z" name="feature" description="Runs Cucumber Feature" data-provider="features" finished-at="2021-02-11T22:59:11Z" duration-ms="255696" status="PASS">
          <params>
            <param index="0">
              <value>
                <![CDATA[Testing Add Products Suite App]]>
              </value>
            </param>
          </params>
          <reporter-output>
          </reporter-output>
        </test-method> <!-- feature -->
        <test-method is-config="true" signature="tearDownClass()[pri:0, instance:com.qa.addProductsRP.runner.TestRunner@12d4bf7e]" started-at="2021-02-11T22:59:11Z" name="tearDownClass" finished-at="2021-02-11T22:59:11Z" duration-ms="10" status="PASS">
          <reporter-output>
          </reporter-output>
        </test-method> <!-- tearDownClass -->
      </class> <!-- com.qa.addProductsRP.runner.TestRunner -->
    </test> <!-- Test -->
  </suite> <!-- Suite -->
</testng-results>
